<?xml version="1.0" encoding="UTF-8"?>
<!-- Generated by org.testng.reporters.JUnitReportReporter -->
<testsuite hostname="BISHALs-MacBook-Air.local" failures="0" tests="1" name="cucumberOptions.TestNGRunner" time="7.401" errors="0" timestamp="2021-03-18T09:09:02 IST" skipped="0">
  <testcase classname="cucumberOptions.TestNGRunner" name="feature" time="7.401"/>
  <system-out/>
</testsuite> <!-- cucumberOptions.TestNGRunner -->
